# JRE version: OpenJDK Runtime Environment (16.0.2+7) (build 16.0.2+7-67)
# Java VM: OpenJDK 64-Bit Server VM (16.0.2+7-67, mixed mode, sharing, tiered, compressed oops, compressed class ptrs, g1 gc, windows-amd64)
GC Precious Log:
 CPUs: 16 total, 16 available
 Memory: 32680M
 Large Page Support: Disabled
 NUMA Support: Disabled
 Compressed Oops: Enabled (32-bit)
 Heap Region Size: 1M
 Heap Min Capacity: 8M
 Heap Initial Capacity: 512M
 Heap Max Capacity: 2G
 Pre-touch: Disabled
 Parallel Workers: 13
 Concurrent Workers: 3
 Concurrent Refinement Workers: 13
 Periodic GC: Disabled
Heap:
 garbage-first heap   total 301056K, used 69070K [0x0000000080000000, 0x0000000100000000)
  region size 1024K, 27 young (27648K), 14 survivors (14336K)
 Metaspace       used 59729K, committed 60224K, reserved 1105920K
  class space    used 7987K, committed 8192K, reserved 1048576K
GC Heap History (20 events):
Event: 2.513 GC heap before
{Heap before GC invocations=2 (full 0):
 garbage-first heap   total 524288K, used 119222K [0x0000000080000000, 0x0000000100000000)
  region size 1024K, 109 young (111616K), 3 survivors (3072K)
 Metaspace       used 21016K, committed 21248K, reserved 1073152K
  class space    used 3045K, committed 3136K, reserved 1048576K
}
Event: 2.518 GC heap after
{Heap after GC invocations=3 (full 0):
 garbage-first heap   total 524288K, used 20842K [0x0000000080000000, 0x0000000100000000)
  region size 1024K, 11 young (11264K), 11 survivors (11264K)
 Metaspace       used 21016K, committed 21248K, reserved 1073152K
  class space    used 3045K, committed 3136K, reserved 1048576K
}
Event: 2.954 GC heap before
{Heap before GC invocations=4 (full 0):
 garbage-first heap   total 75776K, used 53610K [0x0000000080000000, 0x0000000100000000)
  region size 1024K, 44 young (45056K), 11 survivors (11264K)
 Metaspace       used 28197K, committed 28480K, reserved 1081344K
  class space    used 3901K, committed 4032K, reserved 1048576K
}
Event: 2.961 GC heap after
{Heap after GC invocations=5 (full 0):
 garbage-first heap   total 75776K, used 25110K [0x0000000080000000, 0x0000000100000000)
  region size 1024K, 5 young (5120K), 5 survivors (5120K)
 Metaspace       used 28197K, committed 28480K, reserved 1081344K
  class space    used 3901K, committed 4032K, reserved 1048576K
}
Event: 3.270 GC heap before
{Heap before GC invocations=5 (full 0):
 garbage-first heap   total 75776K, used 52758K [0x0000000080000000, 0x0000000100000000)
  region size 1024K, 32 young (32768K), 5 survivors (5120K)
 Metaspace       used 29737K, committed 30144K, reserved 1081344K
  class space    used 4095K, committed 4288K, reserved 1048576K
}
Event: 3.272 GC heap after
{Heap after GC invocations=6 (full 0):
 garbage-first heap   total 75776K, used 27053K [0x0000000080000000, 0x0000000100000000)
  region size 1024K, 3 young (3072K), 3 survivors (3072K)
 Metaspace       used 29737K, committed 30144K, reserved 1081344K
  class space    used 4095K, committed 4288K, reserved 1048576K
}
Event: 3.719 GC heap before
{Heap before GC invocations=6 (full 0):
 garbage-first heap   total 75776K, used 56749K [0x0000000080000000, 0x0000000100000000)
  region size 1024K, 30 young (30720K), 3 survivors (3072K)
 Metaspace       used 32403K, committed 32768K, reserved 1081344K
  class space    used 4381K, committed 4544K, reserved 1048576K
}
Event: 3.721 GC heap after
{Heap after GC invocations=7 (full 0):
 garbage-first heap   total 75776K, used 29578K [0x0000000080000000, 0x0000000100000000)
  region size 1024K, 4 young (4096K), 4 survivors (4096K)
 Metaspace       used 32403K, committed 32768K, reserved 1081344K
  class space    used 4381K, committed 4544K, reserved 1048576K
}
Event: 3.944 GC heap before
{Heap before GC invocations=7 (full 0):
 garbage-first heap   total 75776K, used 44938K [0x0000000080000000, 0x0000000100000000)
  region size 1024K, 20 young (20480K), 4 survivors (4096K)
 Metaspace       used 35208K, committed 35520K, reserved 1081344K
  class space    used 4706K, committed 4864K, reserved 1048576K
}
Event: 3.947 GC heap after
{Heap after GC invocations=8 (full 0):
 garbage-first heap   total 75776K, used 30712K [0x0000000080000000, 0x0000000100000000)
  region size 1024K, 1 young (1024K), 1 survivors (1024K)
 Metaspace       used 35208K, committed 35520K, reserved 1081344K
  class space    used 4706K, committed 4864K, reserved 1048576K
}
Event: 4.278 GC heap before
{Heap before GC invocations=9 (full 0):
 garbage-first heap   total 75776K, used 57336K [0x0000000080000000, 0x0000000100000000)
  region size 1024K, 27 young (27648K), 1 survivors (1024K)
 Metaspace       used 38410K, committed 38784K, reserved 1089536K
  class space    used 5205K, committed 5376K, reserved 1048576K
}
Event: 4.281 GC heap after
{Heap after GC invocations=10 (full 0):
 garbage-first heap   total 75776K, used 31901K [0x0000000080000000, 0x0000000100000000)
  region size 1024K, 3 young (3072K), 3 survivors (3072K)
 Metaspace       used 38410K, committed 38784K, reserved 1089536K
  class space    used 5205K, committed 5376K, reserved 1048576K
}
Event: 5.213 GC heap before
{Heap before GC invocations=10 (full 0):
 garbage-first heap   total 75776K, used 56477K [0x0000000080000000, 0x0000000100000000)
  region size 1024K, 28 young (28672K), 3 survivors (3072K)
 Metaspace       used 39768K, committed 40064K, reserved 1089536K
  class space    used 5317K, committed 5440K, reserved 1048576K
}
Event: 5.216 GC heap after
{Heap after GC invocations=11 (full 0):
 garbage-first heap   total 75776K, used 33817K [0x0000000080000000, 0x0000000100000000)
  region size 1024K, 4 young (4096K), 4 survivors (4096K)
 Metaspace       used 39768K, committed 40064K, reserved 1089536K
  class space    used 5317K, committed 5440K, reserved 1048576K
}
Event: 6.002 GC heap before
{Heap before GC invocations=11 (full 0):
 garbage-first heap   total 75776K, used 47129K [0x0000000080000000, 0x0000000100000000)
  region size 1024K, 17 young (17408K), 4 survivors (4096K)
 Metaspace       used 40215K, committed 40640K, reserved 1089536K
  class space    used 5369K, committed 5568K, reserved 1048576K
}
Event: 6.005 GC heap after
{Heap after GC invocations=12 (full 0):
 garbage-first heap   total 75776K, used 40279K [0x0000000080000000, 0x0000000100000000)
  region size 1024K, 4 young (4096K), 4 survivors (4096K)
 Metaspace       used 40215K, committed 40640K, reserved 1089536K
  class space    used 5369K, committed 5568K, reserved 1048576K
}
Event: 6.588 GC heap before
{Heap before GC invocations=13 (full 0):
 garbage-first heap   total 76800K, used 45399K [0x0000000080000000, 0x0000000100000000)
  region size 1024K, 10 young (10240K), 4 survivors (4096K)
 Metaspace       used 40216K, committed 40640K, reserved 1089536K
  class space    used 5369K, committed 5568K, reserved 1048576K
}
Event: 6.592 GC heap after
{Heap after GC invocations=14 (full 0):
 garbage-first heap   total 301056K, used 41795K [0x0000000080000000, 0x0000000100000000)
  region size 1024K, 2 young (2048K), 2 survivors (2048K)
 Metaspace       used 40216K, committed 40640K, reserved 1089536K
  class space    used 5369K, committed 5568K, reserved 1048576K
}
Event: 8.912 GC heap before
{Heap before GC invocations=14 (full 0):
 garbage-first heap   total 301056K, used 228163K [0x0000000080000000, 0x0000000100000000)
  region size 1024K, 176 young (180224K), 2 survivors (2048K)
 Metaspace       used 57924K, committed 58368K, reserved 1105920K
  class space    used 7601K, committed 7808K, reserved 1048576K
}
Event: 8.920 GC heap after
{Heap after GC invocations=15 (full 0):
 garbage-first heap   total 301056K, used 56782K [0x0000000080000000, 0x0000000100000000)
  region size 1024K, 14 young (14336K), 14 survivors (14336K)
 Metaspace       used 57924K, committed 58368K, reserved 1105920K
  class space    used 7601K, committed 7808K, reserved 1048576K
}

